Determining if the pthread_create exist failed with the following output:
Change Dir: /home/kaleado/Downloads/ogl-master/build/CMakeFiles/CMakeTmp

Run Build Command:"/usr/bin/make" "cmTC_de542/fast"
/usr/bin/make -f CMakeFiles/cmTC_de542.dir/build.make CMakeFiles/cmTC_de542.dir/build
make[1]: Entering directory '/home/kaleado/Downloads/ogl-master/build/CMakeFiles/CMakeTmp'
Building C object CMakeFiles/cmTC_de542.dir/CheckSymbolExists.c.o
/usr/bin/cc    -o CMakeFiles/cmTC_de542.dir/CheckSymbolExists.c.o   -c /home/kaleado/Downloads/ogl-master/build/CMakeFiles/CMakeTmp/CheckSymbolExists.c
Linking C executable cmTC_de542
/usr/bin/cmake -E cmake_link_script CMakeFiles/cmTC_de542.dir/link.txt --verbose=1
/usr/bin/cc      -rdynamic CMakeFiles/cmTC_de542.dir/CheckSymbolExists.c.o  -o cmTC_de542 
CMakeFiles/cmTC_de542.dir/CheckSymbolExists.c.o: In function `main':
CheckSymbolExists.c:(.text+0x1b): undefined reference to `pthread_create'
collect2: error: ld returned 1 exit status
CMakeFiles/cmTC_de542.dir/build.make:97: recipe for target 'cmTC_de542' failed
make[1]: *** [cmTC_de542] Error 1
make[1]: Leaving directory '/home/kaleado/Downloads/ogl-master/build/CMakeFiles/CMakeTmp'
Makefile:126: recipe for target 'cmTC_de542/fast' failed
make: *** [cmTC_de542/fast] Error 2

File /home/kaleado/Downloads/ogl-master/build/CMakeFiles/CMakeTmp/CheckSymbolExists.c:
/* */
#include <pthread.h>

int main(int argc, char** argv)
{
  (void)argv;
#ifndef pthread_create
  return ((int*)(&pthread_create))[argc];
#else
  (void)argc;
  return 0;
#endif
}

Determining if the function pthread_create exists in the pthreads failed with the following output:
Change Dir: /home/kaleado/Downloads/ogl-master/build/CMakeFiles/CMakeTmp

Run Build Command:"/usr/bin/make" "cmTC_59198/fast"
/usr/bin/make -f CMakeFiles/cmTC_59198.dir/build.make CMakeFiles/cmTC_59198.dir/build
make[1]: Entering directory '/home/kaleado/Downloads/ogl-master/build/CMakeFiles/CMakeTmp'
Building C object CMakeFiles/cmTC_59198.dir/CheckFunctionExists.c.o
/usr/bin/cc   -DCHECK_FUNCTION_EXISTS=pthread_create   -o CMakeFiles/cmTC_59198.dir/CheckFunctionExists.c.o   -c /usr/share/cmake-3.10/Modules/CheckFunctionExists.c
Linking C executable cmTC_59198
/usr/bin/cmake -E cmake_link_script CMakeFiles/cmTC_59198.dir/link.txt --verbose=1
/usr/bin/cc  -DCHECK_FUNCTION_EXISTS=pthread_create    -rdynamic CMakeFiles/cmTC_59198.dir/CheckFunctionExists.c.o  -o cmTC_59198 -lpthreads 
/usr/bin/ld: cannot find -lpthreads
collect2: error: ld returned 1 exit status
CMakeFiles/cmTC_59198.dir/build.make:97: recipe for target 'cmTC_59198' failed
make[1]: *** [cmTC_59198] Error 1
make[1]: Leaving directory '/home/kaleado/Downloads/ogl-master/build/CMakeFiles/CMakeTmp'
Makefile:126: recipe for target 'cmTC_59198/fast' failed
make: *** [cmTC_59198/fast] Error 2


